[debug] [2025-10-08T14:04:15.080Z] ----------------------------------------------------------------------
[debug] [2025-10-08T14:04:15.082Z] Command:       D:\nodejs\node.exe C:\Users\xinkaipu\AppData\Roaming\npm\node_modules\firebase-tools\lib\bin\firebase.js init
[debug] [2025-10-08T14:04:15.083Z] CLI Version:   14.19.0
[debug] [2025-10-08T14:04:15.083Z] Platform:      win32
[debug] [2025-10-08T14:04:15.083Z] Node Version:  v24.9.0
[debug] [2025-10-08T14:04:15.083Z] Time:          Wed Oct 08 2025 22:04:15 GMT+0800 (中国标准时间)
[debug] [2025-10-08T14:04:15.083Z] ----------------------------------------------------------------------
[debug] 
[info] 
     ######## #### ########  ######## ########     ###     ######  ########
     ##        ##  ##     ## ##       ##     ##  ##   ##  ##       ##
     ######    ##  ########  ######   ########  #########  ######  ######
     ##        ##  ##    ##  ##       ##     ## ##     ##       ## ##
     ##       #### ##     ## ######## ########  ##     ##  ######  ########

You're about to initialize a Firebase project in this directory:

  C:\Users\xinkaipu\StudioProjects\h5\h5

[info] 
=== Project Setup
[info] 
[info] First, let's associate this project directory with a Firebase project.
[info] You can create multiple project aliases by running firebase use --add, 
[info] 
[debug] [2025-10-08T14:05:51.997Z] > command requires scopes: ["email","openid","https://www.googleapis.com/auth/cloudplatformprojects.readonly","https://www.googleapis.com/auth/firebase","https://www.googleapis.com/auth/cloud-platform"]
[debug] [2025-10-08T14:05:51.997Z] > authorizing via signed-in user (lwz244327687@gmail.com)
[debug] [2025-10-08T14:05:51.999Z] Checked if tokens are valid: true, expires at: 1759934810537
[debug] [2025-10-08T14:05:51.999Z] Checked if tokens are valid: true, expires at: 1759934810537
[debug] [2025-10-08T14:05:52.002Z] >>> [apiv2][query] GET https://firebase.googleapis.com/v1beta1/projects pageSize=100
[debug] [2025-10-08T14:05:53.322Z] <<< [apiv2][status] GET https://firebase.googleapis.com/v1beta1/projects 200
[debug] [2025-10-08T14:05:53.322Z] <<< [apiv2][body] GET https://firebase.googleapis.com/v1beta1/projects [omitted]
[info] 
=== Hosting Setup
[debug] [2025-10-08T14:05:55.027Z] Checked if tokens are valid: true, expires at: 1759934810537
[debug] [2025-10-08T14:05:55.027Z] Checked if tokens are valid: true, expires at: 1759934810537
[debug] [2025-10-08T14:05:55.028Z] >>> [apiv2][query] GET https://firebase.googleapis.com/v1beta1/projects/tobe-f70d5 [none]
[debug] [2025-10-08T14:05:55.912Z] <<< [apiv2][status] GET https://firebase.googleapis.com/v1beta1/projects/tobe-f70d5 200
[debug] [2025-10-08T14:05:55.912Z] <<< [apiv2][body] GET https://firebase.googleapis.com/v1beta1/projects/tobe-f70d5 {"projectId":"tobe-f70d5","projectNumber":"1041839607765","displayName":"tobe","name":"projects/tobe-f70d5","resources":{"hostingSite":"tobe-f70d5"},"state":"ACTIVE","etag":"1_9dab04be-9920-4a04-9963-438e63e3092b"}
[info] 
[info] Your public directory is the folder (relative to your project directory) that
[info] will contain Hosting assets to be uploaded with firebase deploy. If you
[info] have a build process for your assets, use your build's output directory.
[info] 
